days=10  leaderboard names=5522

  scanned pokemon-tcg-ai-battle-episodes-2026-07-13.zip  cum wins so far 892
  scanned pokemon-tcg-ai-battle-episodes-2026-07-14.zip  cum wins so far 1580
  scanned pokemon-tcg-ai-battle-episodes-2026-07-15.zip  cum wins so far 2204
  scanned pokemon-tcg-ai-battle-episodes-2026-07-16.zip  cum wins so far 3050
  scanned pokemon-tcg-ai-battle-episodes-2026-07-17.zip  cum wins so far 4367
  scanned pokemon-tcg-ai-battle-episodes-2026-07-18.zip  cum wins so far 6257
  scanned pokemon-tcg-ai-battle-episodes-2026-07-19.zip  cum wins so far 7931
  scanned pokemon-tcg-ai-battle-episodes-2026-07-20.zip  cum wins so far 9752
  scanned pokemon-tcg-ai-battle-episodes-2026-07-21.zip  cum wins so far 11721
  scanned pokemon-tcg-ai-battle-episodes-2026-07-22.zip  cum wins so far 13996

Grimmsnarl WINNING seats by rating band (10 days, de-duped):
  >=1000    wins=12235  vs-Archaludon= 223  vs-lucario_ex=  18  top-opps=[('mixed_ex1', 4239), ('mixed_ex3', 3477), ('mixed_ex2', 1613), ('crustle_control', 1481)]
  900-1000  wins=  783  vs-Archaludon=   9  vs-lucario_ex=   0  top-opps=[('mixed_ex1', 262), ('mixed_ex3', 243), ('mixed_ex2', 116), ('crustle_control', 80)]
  800-900   wins=   93  vs-Archaludon=   1  vs-lucario_ex=   0  top-opps=[('mixed_ex3', 32), ('mixed_ex1', 27), ('crustle_control', 12), ('mixed_ex2', 9)]
  700-800   wins=  868  vs-Archaludon=  11  vs-lucario_ex=   0  top-opps=[('mixed_ex1', 315), ('mixed_ex3', 220), ('crustle_control', 104), ('mixed_ex2', 103)]
  <700      wins=    3  vs-Archaludon=   0  vs-lucario_ex=   0  top-opps=[('crustle_control', 1), ('mixed_ex3', 1), ('mixed_ex2', 1)]
  unknown   wins=   14  vs-Archaludon=   0  vs-lucario_ex=   0  top-opps=[('mixed_ex1', 4), ('crustle_control', 3), ('mixed_ex3', 3), ('mixed_ex5', 1)]

TOTAL <1000 Grimmsnarl wins = 1747  (of which vs-Archaludon = 21)
vs the >=1000 supply = 12235
